лют 19, 2015 10:31:51 PM networkflows.planner.DataProductionPlanner <init>
INFO: DataProductionPlanner Instantiated
лют 19, 2015 10:31:51 PM networkflows.planner.DataProductionPlanner ReadNodesFromFile
INFO: Reading nodes from file: input/nodes.csv
лют 19, 2015 10:31:51 PM networkflows.planner.DataProductionPlanner ReadNodesFromFile
FINEST: Node red from file: CompNode [id=1, name=RCF, isInputSource=true, isOutputDestination=true, isInputDestination=true, isOutputSource=true, inputWeight=1]
лют 19, 2015 10:31:51 PM networkflows.planner.DataProductionPlanner ReadNodesFromFile
FINEST: Node red from file: CompNode [id=2, name=PDSF, isInputSource=false, isOutputDestination=false, isInputDestination=true, isOutputSource=true, inputWeight=1]
лют 19, 2015 10:31:51 PM networkflows.planner.DataProductionPlanner ReadNodesFromFile
FINEST: Node red from file: CompNode [id=4, name=ANL, isInputSource=false, isOutputDestination=false, isInputDestination=true, isOutputSource=true, inputWeight=1]
лют 19, 2015 10:31:51 PM networkflows.planner.DataProductionPlanner ReadNodesFromFile
FINEST: Node red from file: CompNode [id=3, name=KISTI, isInputSource=false, isOutputDestination=false, isInputDestination=true, isOutputSource=true, inputWeight=1]
лют 19, 2015 10:31:51 PM networkflows.planner.DataProductionPlanner ReadNodesFromFile
INFO: Reading nodes file is finished
лют 19, 2015 10:31:51 PM networkflows.planner.DataProductionPlanner ReadLinksFromFile
INFO: Reading links from file: input/links.csv
лют 19, 2015 10:31:51 PM networkflows.planner.DataProductionPlanner ReadLinksFromFile
FINEST: Link red from file: NetworkLink [id=1, name=RCF->PDSF, beginNodeId=1, endNodeId=2, bandwidth=1, outputFlow=0.0]
лют 19, 2015 10:31:51 PM networkflows.planner.DataProductionPlanner ReadLinksFromFile
FINEST: Link red from file: NetworkLink [id=2, name=PDSF->RCF, beginNodeId=2, endNodeId=1, bandwidth=1, outputFlow=0.0]
лют 19, 2015 10:31:51 PM networkflows.planner.DataProductionPlanner ReadLinksFromFile
FINEST: Link red from file: NetworkLink [id=3, name=RCF->ANL, beginNodeId=1, endNodeId=3, bandwidth=1, outputFlow=0.0]
лют 19, 2015 10:31:51 PM networkflows.planner.DataProductionPlanner ReadLinksFromFile
FINEST: Link red from file: NetworkLink [id=4, name=ANL->RCF, beginNodeId=3, endNodeId=1, bandwidth=1, outputFlow=0.0]
лют 19, 2015 10:31:51 PM networkflows.planner.DataProductionPlanner ReadLinksFromFile
FINEST: Link red from file: NetworkLink [id=5, name=RCF->KISTI, beginNodeId=1, endNodeId=4, bandwidth=1, outputFlow=0.0]
лют 19, 2015 10:31:51 PM networkflows.planner.DataProductionPlanner ReadLinksFromFile
FINEST: Link red from file: NetworkLink [id=6, name=KISTI->RCF, beginNodeId=4, endNodeId=1, bandwidth=1, outputFlow=0.0]
лют 19, 2015 10:31:51 PM networkflows.planner.DataProductionPlanner ReadLinksFromFile
FINEST: Link red from file: NetworkLink [id=7, name=PDSF->ANL, beginNodeId=2, endNodeId=3, bandwidth=1, outputFlow=0.0]
лют 19, 2015 10:31:51 PM networkflows.planner.DataProductionPlanner ReadLinksFromFile
FINEST: Link red from file: NetworkLink [id=8, name=ANL->PDSF, beginNodeId=3, endNodeId=2, bandwidth=1, outputFlow=0.0]
лют 19, 2015 10:31:51 PM networkflows.planner.DataProductionPlanner ReadLinksFromFile
FINEST: Link red from file: NetworkLink [id=9, name=PDSF->KISTI, beginNodeId=2, endNodeId=4, bandwidth=1, outputFlow=0.0]
лют 19, 2015 10:31:51 PM networkflows.planner.DataProductionPlanner ReadLinksFromFile
FINEST: Link red from file: NetworkLink [id=10, name=KISTI->PDSF, beginNodeId=4, endNodeId=2, bandwidth=1, outputFlow=0.0]
лют 19, 2015 10:31:51 PM networkflows.planner.DataProductionPlanner ReadLinksFromFile
FINEST: Link red from file: NetworkLink [id=11, name=ANL->KISTI, beginNodeId=3, endNodeId=4, bandwidth=1, outputFlow=0.0]
лют 19, 2015 10:31:51 PM networkflows.planner.DataProductionPlanner ReadLinksFromFile
FINEST: Link red from file: NetworkLink [id=12, name=KISTI->ANL, beginNodeId=4, endNodeId=3, bandwidth=1, outputFlow=0.0]
лют 19, 2015 10:31:51 PM networkflows.planner.DataProductionPlanner ReadLinksFromFile
INFO: Reading links file is finished
лют 19, 2015 10:31:51 PM networkflows.planner.DataProductionPlanner WriteODT
INFO: Graph was written to fileoutput/grid.dot
лют 19, 2015 10:31:51 PM networkflows.planner.DataProductionPlanner CreateOutputNetwork
INFO: Creating output network
лют 19, 2015 10:31:51 PM networkflows.planner.DataProductionPlanner SolveOutputProblem
INFO: Solving output problem
лют 19, 2015 10:31:51 PM networkflows.planner.DataProductionPlanner SolveOutputProblem
INFO: Solved: output flow value is: 4.0
лют 19, 2015 10:31:51 PM networkflows.planner.DataProductionPlanner WriteODT
INFO: Graph was written to fileoutput/outputNetwork.dot
лют 19, 2015 10:31:51 PM networkflows.planner.DataProductionPlanner CreateInputNetwork
INFO: Creating input network
лют 19, 2015 10:31:51 PM networkflows.planner.DataProductionPlanner WriteODT
INFO: Graph was written to fileoutput/inputNetwork.dot
